Copyright 1986-2020 Xilinx, Inc. All Rights Reserved.
--------------------------------------------------------------------------------------
| Tool Version : Vivado v.2020.1.1 (win64) Build 2960000 Wed Aug  5 22:57:20 MDT 2020
| Date         : Mon Sep 11 15:50:13 2023
| Host         : HWLAB99 running 64-bit major release  (build 9200)
| Command      : upgrade_ip
| Device       : xc7a100tcsg324-1
--------------------------------------------------------------------------------------

Upgrade Log for IP 'bram_simp_dual'

1. Summary
----------

SUCCESS in the upgrade of bram_simp_dual (xilinx.com:ip:blk_mem_gen:8.4) from (Rev. 2) to (Rev. 4)






Copyright 1986-2020 Xilinx, Inc. All Rights Reserved.
--------------------------------------------------------------------------------------
| Tool Version : Vivado v.2020.1.1 (win64) Build 2960000 Wed Aug  5 22:57:20 MDT 2020
| Date         : Mon Sep 11 15:50:11 2023
| Host         : HWLAB99 running 64-bit major release  (build 9200)
| Command      : upgrade_ip
| Device       : xc7a100tcsg324-1
--------------------------------------------------------------------------------------

Upgrade Log for IP 'bram_mod'

1. Summary
----------

SUCCESS in the upgrade of bram_mod (xilinx.com:ip:blk_mem_gen:8.4) from (Rev. 2) to (Rev. 4)






Copyright 1986-2020 Xilinx, Inc. All Rights Reserved.
--------------------------------------------------------------------------------------
| Tool Version : Vivado v.2020.1.1 (win64) Build 2960000 Wed Aug  5 22:57:20 MDT 2020
| Date         : Mon Sep 11 15:50:09 2023
| Host         : HWLAB99 running 64-bit major release  (build 9200)
| Command      : upgrade_ip
| Device       : xc7a100tcsg324-1
--------------------------------------------------------------------------------------

Upgrade Log for IP 'bram_dual_port'

1. Summary
----------

SUCCESS in the upgrade of bram_dual_port (xilinx.com:ip:blk_mem_gen:8.4) from (Rev. 2) to (Rev. 4)






Copyright 1986-2020 Xilinx, Inc. All Rights Reserved.
--------------------------------------------------------------------------------------
| Tool Version : Vivado v.2020.1.1 (win64) Build 2960000 Wed Aug  5 22:57:20 MDT 2020
| Date         : Mon Sep 11 15:50:07 2023
| Host         : HWLAB99 running 64-bit major release  (build 9200)
| Command      : upgrade_ip
| Device       : xc7a100tcsg324-1
--------------------------------------------------------------------------------------

Upgrade Log for IP 'blk_mem_gen_0'

1. Summary
----------

SUCCESS in the upgrade of blk_mem_gen_0 (xilinx.com:ip:blk_mem_gen:8.4) from (Rev. 2) to (Rev. 4)

