#-----------------------------------------------------------
# Vivado v2020.1.1 (64-bit)
# SW Build 2960000 on Wed Aug  5 22:57:20 MDT 2020
# IP Build 2956692 on Thu Aug  6 01:41:30 MDT 2020
# Start of session at: Mon Sep 11 15:42:03 2023
# Process ID: 6464
# Current directory: F:/BRAM_demo
# Command line: vivado.exe -gui_launcher_event rodinguilauncherevent10556 F:\BRAM_demo\BRAM_demo.xpr
# Log file: F:/BRAM_demo/vivado.log
# Journal file: F:/BRAM_demo\vivado.jou
#-----------------------------------------------------------
start_gui
open_project F:/BRAM_demo/BRAM_demo.xpr
INFO: [Project 1-313] Project file moved from 'F:/TA/2023_Autumn/BRAM_demo' since last save.
Scanning sources...
Finished scanning sources
INFO: [IP_Flow 19-234] Refreshing IP repositories
INFO: [IP_Flow 19-1704] No user IP repositories specified
INFO: [IP_Flow 19-2313] Loaded Vivado IP repository 'C:/Xilinx/Vivado/2020.1/data/ip'.
WARNING: [IP_Flow 19-2162] IP 'bram_mod' is locked:
* IP definition 'Block Memory Generator (8.4)' for IP 'bram_mod' (customized with software release 2018.3) has a different revision in the IP Catalog.
WARNING: [IP_Flow 19-2162] IP 'bram_simp_dual' is locked:
* IP definition 'Block Memory Generator (8.4)' for IP 'bram_simp_dual' (customized with software release 2018.3) has a different revision in the IP Catalog.
WARNING: [IP_Flow 19-2162] IP 'bram_dual_port' is locked:
* IP definition 'Block Memory Generator (8.4)' for IP 'bram_dual_port' (customized with software release 2018.3) has a different revision in the IP Catalog.
WARNING: [IP_Flow 19-2162] IP 'blk_mem_gen_0' is locked:
* IP definition 'Block Memory Generator (8.4)' for IP 'blk_mem_gen_0' (customized with software release 2018.3) has a different revision in the IP Catalog.
INFO: [Project 1-230] Project 'BRAM_demo.xpr' upgraded for this version of Vivado.
open_project: Time (s): cpu = 00:00:14 ; elapsed = 00:00:14 . Memory (MB): peak = 1077.816 ; gain = 0.000
report_ip_status -name ip_status 
update_compile_order -fileset sources_1
upgrade_ip -srcset blk_mem_gen_0 [get_ips  {blk_mem_gen_0 bram_dual_port bram_mod bram_simp_dual}] -log ip_upgrade.log
Upgrading 'blk_mem_gen_0'
INFO: [Project 1-386] Moving file 'F:/BRAM_demo/BRAM_demo.srcs/sources_1/ip/blk_mem_gen_0/blk_mem_gen_0.xci' from fileset 'blk_mem_gen_0' to fileset 'sources_1'.
INFO: [IP_Flow 19-3422] Upgraded blk_mem_gen_0 (Block Memory Generator 8.4) from revision 2 to revision 4
INFO: [IP_Flow 19-1686] Generating 'Instantiation Template' target for IP 'blk_mem_gen_0'...
Upgrading 'bram_dual_port'
INFO: [Project 1-386] Moving file 'F:/BRAM_demo/BRAM_demo.srcs/sources_1/ip/bram_dual_port/bram_dual_port.xci' from fileset 'bram_dual_port' to fileset 'sources_1'.
INFO: [IP_Flow 19-3422] Upgraded bram_dual_port (Block Memory Generator 8.4) from revision 2 to revision 4
INFO: [IP_Flow 19-1686] Generating 'Instantiation Template' target for IP 'bram_dual_port'...
Upgrading 'bram_mod'
INFO: [IP_Flow 19-3422] Upgraded bram_mod (Block Memory Generator 8.4) from revision 2 to revision 4
INFO: [IP_Flow 19-1686] Generating 'Instantiation Template' target for IP 'bram_mod'...
Upgrading 'bram_simp_dual'
INFO: [Project 1-386] Moving file 'F:/BRAM_demo/BRAM_demo.srcs/sources_1/ip/bram_simp_dual/bram_simp_dual.xci' from fileset 'bram_simp_dual' to fileset 'sources_1'.
INFO: [IP_Flow 19-3422] Upgraded bram_simp_dual (Block Memory Generator 8.4) from revision 2 to revision 4
INFO: [IP_Flow 19-1686] Generating 'Instantiation Template' target for IP 'bram_simp_dual'...
INFO: [Coretcl 2-1525] Wrote upgrade log to 'F:/BRAM_demo/ip_upgrade.log'.
upgrade_ip: Time (s): cpu = 00:00:09 ; elapsed = 00:00:11 . Memory (MB): peak = 2490.723 ; gain = 28.363
export_ip_user_files -of_objects [get_ips {blk_mem_gen_0 bram_dual_port bram_mod bram_simp_dual}] -no_script -sync -force -quiet
report_ip_status -name ip_status 
export_ip_user_files -of_objects  [get_files F:/BRAM_demo/BRAM_demo.srcs/sources_1/ip/blk_mem_gen_0/blk_mem_gen_0.xci] -no_script -reset -force -quiet
remove_files  F:/BRAM_demo/BRAM_demo.srcs/sources_1/ip/blk_mem_gen_0/blk_mem_gen_0.xci
file delete -force F:/BRAM_demo/BRAM_demo.srcs/sources_1/ip/blk_mem_gen_0
export_ip_user_files -of_objects  [get_files F:/BRAM_demo/BRAM_demo.srcs/sources_1/ip/mem.coe] -no_script -reset -force -quiet
remove_files  F:/BRAM_demo/BRAM_demo.srcs/sources_1/ip/mem.coe
file delete -force F:/BRAM_demo/BRAM_demo.srcs/sources_1/ip/mem.coe
report_ip_status -name ip_status 
exit
INFO: [Common 17-206] Exiting Vivado at Mon Sep 11 15:52:11 2023...
